<?xml version="1.0" encoding="UTF-8"?>
<!-- Generated by org.testng.reporters.JUnitReportReporter -->
<testsuite hostname="DELL-C0HKRC2" failures="0" tests="1" name="Edit.EducacionIt.AppTest" time="0.001" errors="0" timestamp="2021-04-10T15:06:13 ART" skipped="0">
  <testcase classname="Edit.EducacionIt.AppTest" name="shouldAnswerWithTrue" time="0.001"/>
  <system-out/>
</testsuite> <!-- Edit.EducacionIt.AppTest -->
