<?xml version="1.0" encoding="UTF-8"?>
<!-- Generated by org.testng.reporters.JUnitReportReporter -->
<testsuite hostname="DELL-C0HKRC2" failures="0" tests="1" name="pruebas.Laboratorio3_E2" time="8.150" errors="0" timestamp="2021-04-10T16:30:27 ART" skipped="0">
  <testcase classname="pruebas.Laboratorio3_E2" name="login" time="8.150"/>
  <system-out/>
</testsuite> <!-- pruebas.Laboratorio3_E2 -->
