<?xml version="1.0" encoding="UTF-8"?>
<!-- Generated by org.testng.reporters.JUnitReportReporter -->
<testsuite hostname="DELL-C0HKRC2" failures="0" tests="2" name="pruebas.Laboratorio4" time="10.330" errors="0" timestamp="2021-04-10T17:37:50 ART" skipped="0">
  <testcase classname="pruebas.Laboratorio4" name="login" time="4.043"/>
  <system-out/>
  <testcase classname="pruebas.Laboratorio4" name="login" time="6.287"/>
  <system-out/>
</testsuite> <!-- pruebas.Laboratorio4 -->
