<?xml version="1.0" encoding="UTF-8"?>
<!-- Generated by org.testng.reporters.JUnitReportReporter -->
<testsuite hostname="DELL-C0HKRC2" failures="0" tests="3" name="Edit.EducacionIt.Laboratorio1" time="27.477" errors="0" timestamp="2021-04-10T15:06:13 ART" skipped="0">
  <testcase classname="Edit.EducacionIt.Laboratorio1" name="lab1_E1" time="6.906"/>
  <system-out/>
  <testcase classname="Edit.EducacionIt.Laboratorio1" name="lab1_E2" time="12.001"/>
  <system-out/>
  <testcase classname="Edit.EducacionIt.Laboratorio1" name="lab1_E3" time="8.570"/>
  <system-out/>
</testsuite> <!-- Edit.EducacionIt.Laboratorio1 -->
