<?xml version="1.0" encoding="UTF-8"?>
<!-- Generated by org.testng.reporters.JUnitReportReporter -->
<testsuite hostname="DELL-C0HKRC2" failures="0" tests="1" name="pruebas.Laboratorio3" time="9.328" errors="0" timestamp="2021-04-10T15:29:18 ART" skipped="0">
  <testcase classname="pruebas.Laboratorio3" name="registroUsuario" time="9.328"/>
  <system-out/>
</testsuite> <!-- pruebas.Laboratorio3 -->
